<?xml version="1.0" encoding="UTF-8"?>
<!-- Generated by org.testng.reporters.JUnitReportReporter -->
<testsuite hostname="LAPTOP-INQHA09L" failures="0" tests="1" name="com.tests.FactoryMethodDesignPattern" time="8.930" errors="0" timestamp="2022-04-06T16:02:45 IST" skipped="0">
  <testcase classname="com.tests.FactoryMethodDesignPattern" name="factoryMethodTestWithSupplierImp" time="8.930"/>
  <system-out/>
</testsuite> <!-- com.tests.FactoryMethodDesignPattern -->
